DEBUG:root:               left   top   right  bottom
frame                                    
00002575.jpg  533.1  50.6  773.89  297.44
00002576.jpg  533.1  50.6  773.89  297.44
00002577.jpg  533.1  50.6  773.89  297.44
00002578.jpg  533.1  50.6  773.89  297.44
00002579.jpg  527.1  44.6  767.89  291.44
00002580.jpg  524.1  37.6  764.89  284.44
00002581.jpg  525.1  32.6  765.89  279.44
00002582.jpg  528.1  29.6  768.89  276.44
00002583.jpg  530.1  26.6  770.89  273.44
00002584.jpg  533.1  25.6  773.89  272.44
00002585.jpg  534.1  24.6  774.89  271.44
00002586.jpg  535.1  25.6  775.89  272.44
00002587.jpg  536.1  24.6  776.89  271.44
00002588.jpg  536.1  24.6  776.89  271.44
00002589.jpg  535.1  24.6  775.89  271.44
00002590.jpg  535.1  25.6  775.89  272.44
00002591.jpg  535.1  26.6  775.89  273.44
00002592.jpg  535.1  27.6  775.89  274.44
00002593.jpg  536.1  28.6  776.89  275.44
00002594.jpg  536.1  28.6  776.89  275.44
00002595.jpg  536.1  27.6  776.89  274.44
00002596.jpg  536.1  26.6  776.89  273.44
00002597.jpg  535.1  25.6  775.89  272.44
00002598.jpg  535.1  24.6  775.89  271.44
00002599.jpg  535.1  24.6  775.89  271.44
00002600.jpg  535.1  25.6  775.89  272.44
00002601.jpg  536.1  26.6  776.89  273.44
00002602.jpg  537.1  28.6  777.89  275.44
00002603.jpg  539.1  31.6  779.89  278.44
00002604.jpg  541.1  34.6  781.89  281.44
...             ...   ...     ...     ...
00002646.jpg  545.8  68.6  778.12  315.44
00002647.jpg  543.8  70.6  776.12  317.44
00002648.jpg  542.8  73.6  775.12  320.44
00002649.jpg  542.8  75.6  775.12  322.44
00002650.jpg  542.8  78.6  775.12  325.44
00002651.jpg  542.8  79.6  775.12  326.44
00002652.jpg  542.8  80.6  775.12  327.44
00002653.jpg  541.8  80.6  774.12  327.44
00002654.jpg  540.8  80.6  773.12  327.44
00002655.jpg  539.8  79.6  772.12  326.44
00002656.jpg  538.8  77.6  771.12  324.44
00002657.jpg  537.8  76.6  770.12  323.44
00002658.jpg  537.8  75.6  770.12  322.44
00002659.jpg  537.8  74.6  770.12  321.44
00002660.jpg  538.8  73.6  771.12  320.44
00002661.jpg  541.3  74.7  767.57  320.33
00002662.jpg  541.3  74.7  767.57  320.33
00002663.jpg  541.3  71.7  767.57  317.33
00002664.jpg  541.3  68.7  767.57  314.33
00002665.jpg  541.3  66.7  767.57  312.33
00002666.jpg  542.3  64.7  768.57  310.33
00002667.jpg  544.3  62.7  770.57  308.33
00002668.jpg  545.3  60.7  771.57  306.33
00002669.jpg  545.3  58.7  771.57  304.33
00002670.jpg  544.3  56.7  770.57  302.33
00002671.jpg  544.3  54.7  770.57  300.33
00002672.jpg  543.3  52.7  769.57  298.33
00002673.jpg  541.3  51.7  767.57  297.33
00002674.jpg  540.3  53.7  766.57  299.33
00002675.jpg  540.3  53.7  766.57  299.33

[101 rows x 4 columns]
DEBUG:root:               left   top   right  bottom
frame                                    
00002575.jpg  533.1  50.6  773.89  297.44
00002576.jpg  533.1  50.6  773.89  297.44
00002577.jpg  533.1  50.6  773.89  297.44
00002578.jpg  533.1  50.6  773.89  297.44
00002579.jpg  527.1  44.6  767.89  291.44
00002580.jpg  524.1  37.6  764.89  284.44
00002581.jpg  525.1  32.6  765.89  279.44
00002582.jpg  528.1  29.6  768.89  276.44
00002583.jpg  530.1  26.6  770.89  273.44
00002584.jpg  533.1  25.6  773.89  272.44
00002585.jpg  534.1  24.6  774.89  271.44
00002586.jpg  535.1  25.6  775.89  272.44
00002587.jpg  536.1  24.6  776.89  271.44
00002588.jpg  536.1  24.6  776.89  271.44
00002589.jpg  535.1  24.6  775.89  271.44
00002590.jpg  535.1  25.6  775.89  272.44
00002591.jpg  535.1  26.6  775.89  273.44
00002592.jpg  535.1  27.6  775.89  274.44
00002593.jpg  536.1  28.6  776.89  275.44
00002594.jpg  536.1  28.6  776.89  275.44
00002595.jpg  536.1  27.6  776.89  274.44
00002596.jpg  536.1  26.6  776.89  273.44
00002597.jpg  535.1  25.6  775.89  272.44
00002598.jpg  535.1  24.6  775.89  271.44
00002599.jpg  535.1  24.6  775.89  271.44
00002600.jpg  535.1  25.6  775.89  272.44
00002601.jpg  536.1  26.6  776.89  273.44
00002602.jpg  537.1  28.6  777.89  275.44
00002603.jpg  539.1  31.6  779.89  278.44
00002604.jpg  541.1  34.6  781.89  281.44
...             ...   ...     ...     ...
00002646.jpg  545.8  68.6  778.12  315.44
00002647.jpg  543.8  70.6  776.12  317.44
00002648.jpg  542.8  73.6  775.12  320.44
00002649.jpg  542.8  75.6  775.12  322.44
00002650.jpg  542.8  78.6  775.12  325.44
00002651.jpg  542.8  79.6  775.12  326.44
00002652.jpg  542.8  80.6  775.12  327.44
00002653.jpg  541.8  80.6  774.12  327.44
00002654.jpg  540.8  80.6  773.12  327.44
00002655.jpg  539.8  79.6  772.12  326.44
00002656.jpg  538.8  77.6  771.12  324.44
00002657.jpg  537.8  76.6  770.12  323.44
00002658.jpg  537.8  75.6  770.12  322.44
00002659.jpg  537.8  74.6  770.12  321.44
00002660.jpg  538.8  73.6  771.12  320.44
00002661.jpg  541.3  74.7  767.57  320.33
00002662.jpg  541.3  74.7  767.57  320.33
00002663.jpg  541.3  71.7  767.57  317.33
00002664.jpg  541.3  68.7  767.57  314.33
00002665.jpg  541.3  66.7  767.57  312.33
00002666.jpg  542.3  64.7  768.57  310.33
00002667.jpg  544.3  62.7  770.57  308.33
00002668.jpg  545.3  60.7  771.57  306.33
00002669.jpg  545.3  58.7  771.57  304.33
00002670.jpg  544.3  56.7  770.57  302.33
00002671.jpg  544.3  54.7  770.57  300.33
00002672.jpg  543.3  52.7  769.57  298.33
00002673.jpg  541.3  51.7  767.57  297.33
00002674.jpg  540.3  53.7  766.57  299.33
00002675.jpg  540.3  53.7  766.57  299.33

[101 rows x 4 columns]
DEBUG:matplotlib.axes._base:update_title_pos
DEBUG:matplotlib.axes._base:update_title_pos
DEBUG:matplotlib.axes._base:update_title_pos
DEBUG:matplotlib.axes._base:update_title_pos
DEBUG:matplotlib.axes._base:update_title_pos
DEBUG:matplotlib.axes._base:update_title_pos
DEBUG:matplotlib.axes._base:update_title_pos
DEBUG:matplotlib.axes._base:update_title_pos
DEBUG:matplotlib.axes._base:update_title_pos
DEBUG:matplotlib.axes._base:update_title_pos
DEBUG:matplotlib.axes._base:update_title_pos
DEBUG:matplotlib.axes._base:update_title_pos
DEBUG:matplotlib.axes._base:update_title_pos
DEBUG:matplotlib.axes._base:update_title_pos
DEBUG:matplotlib.axes._base:update_title_pos
DEBUG:matplotlib.axes._base:update_title_pos
DEBUG:matplotlib.axes._base:update_title_pos
DEBUG:matplotlib.axes._base:update_title_pos
DEBUG:matplotlib.axes._base:update_title_pos
DEBUG:matplotlib.axes._base:update_title_pos
DEBUG:matplotlib.axes._base:update_title_pos
DEBUG:matplotlib.axes._base:update_title_pos
DEBUG:matplotlib.axes._base:update_title_pos
DEBUG:matplotlib.axes._base:update_title_pos
DEBUG:matplotlib.axes._base:update_title_pos
DEBUG:matplotlib.axes._base:update_title_pos
DEBUG:matplotlib.axes._base:update_title_pos
DEBUG:matplotlib.axes._base:update_title_pos
DEBUG:matplotlib.axes._base:update_title_pos
DEBUG:matplotlib.axes._base:update_title_pos
DEBUG:matplotlib.axes._base:update_title_pos
DEBUG:matplotlib.axes._base:update_title_pos
DEBUG:matplotlib.axes._base:update_title_pos
DEBUG:matplotlib.axes._base:update_title_pos
DEBUG:matplotlib.axes._base:update_title_pos
DEBUG:matplotlib.axes._base:update_title_pos
DEBUG:matplotlib.axes._base:update_title_pos
DEBUG:matplotlib.axes._base:update_title_pos
DEBUG:matplotlib.axes._base:update_title_pos
DEBUG:matplotlib.axes._base:update_title_pos
DEBUG:matplotlib.axes._base:update_title_pos
DEBUG:matplotlib.axes._base:update_title_pos
DEBUG:matplotlib.axes._base:update_title_pos
DEBUG:matplotlib.axes._base:update_title_pos
DEBUG:matplotlib.axes._base:update_title_pos
DEBUG:matplotlib.axes._base:update_title_pos
DEBUG:matplotlib.axes._base:update_title_pos
DEBUG:matplotlib.axes._base:update_title_pos
DEBUG:matplotlib.axes._base:update_title_pos
DEBUG:matplotlib.axes._base:update_title_pos
DEBUG:matplotlib.axes._base:update_title_pos
DEBUG:matplotlib.axes._base:update_title_pos
DEBUG:matplotlib.axes._base:update_title_pos
DEBUG:matplotlib.axes._base:update_title_pos
DEBUG:matplotlib.axes._base:update_title_pos
DEBUG:matplotlib.axes._base:update_title_pos
DEBUG:matplotlib.axes._base:update_title_pos
DEBUG:matplotlib.axes._base:update_title_pos
DEBUG:matplotlib.axes._base:update_title_pos
DEBUG:matplotlib.axes._base:update_title_pos
DEBUG:matplotlib.axes._base:update_title_pos
DEBUG:matplotlib.axes._base:update_title_pos
DEBUG:matplotlib.axes._base:update_title_pos
DEBUG:matplotlib.axes._base:update_title_pos
DEBUG:matplotlib.axes._base:update_title_pos
DEBUG:matplotlib.axes._base:update_title_pos
DEBUG:matplotlib.axes._base:update_title_pos
DEBUG:matplotlib.axes._base:update_title_pos
DEBUG:matplotlib.axes._base:update_title_pos
DEBUG:matplotlib.axes._base:update_title_pos
DEBUG:matplotlib.axes._base:update_title_pos
DEBUG:matplotlib.axes._base:update_title_pos
DEBUG:matplotlib.axes._base:update_title_pos
DEBUG:matplotlib.axes._base:update_title_pos
DEBUG:matplotlib.axes._base:update_title_pos
DEBUG:matplotlib.axes._base:update_title_pos
DEBUG:matplotlib.axes._base:update_title_pos
DEBUG:matplotlib.axes._base:update_title_pos
DEBUG:matplotlib.axes._base:update_title_pos
DEBUG:matplotlib.axes._base:update_title_pos
DEBUG:matplotlib.axes._base:update_title_pos
DEBUG:matplotlib.axes._base:update_title_pos
DEBUG:matplotlib.axes._base:update_title_pos
DEBUG:matplotlib.axes._base:update_title_pos
DEBUG:matplotlib.axes._base:update_title_pos
DEBUG:matplotlib.axes._base:update_title_pos
DEBUG:matplotlib.axes._base:update_title_pos
DEBUG:matplotlib.axes._base:update_title_pos
DEBUG:matplotlib.axes._base:update_title_pos
DEBUG:matplotlib.axes._base:update_title_pos
DEBUG:matplotlib.axes._base:update_title_pos
DEBUG:matplotlib.axes._base:update_title_pos
DEBUG:matplotlib.axes._base:update_title_pos
DEBUG:matplotlib.axes._base:update_title_pos
DEBUG:matplotlib.axes._base:update_title_pos
DEBUG:matplotlib.axes._base:update_title_pos
DEBUG:matplotlib.axes._base:update_title_pos
DEBUG:matplotlib.axes._base:update_title_pos
DEBUG:matplotlib.axes._base:update_title_pos
DEBUG:matplotlib.axes._base:update_title_pos
DEBUG:matplotlib.axes._base:update_title_pos
DEBUG:matplotlib.axes._base:update_title_pos
DEBUG:matplotlib.axes._base:update_title_pos
DEBUG:matplotlib.axes._base:update_title_pos
DEBUG:matplotlib.axes._base:update_title_pos
DEBUG:matplotlib.axes._base:update_title_pos
DEBUG:matplotlib.axes._base:update_title_pos
DEBUG:matplotlib.axes._base:update_title_pos
DEBUG:matplotlib.axes._base:update_title_pos
DEBUG:matplotlib.axes._base:update_title_pos
DEBUG:matplotlib.axes._base:update_title_pos
DEBUG:matplotlib.axes._base:update_title_pos
DEBUG:matplotlib.axes._base:update_title_pos
DEBUG:matplotlib.axes._base:update_title_pos
DEBUG:matplotlib.axes._base:update_title_pos
DEBUG:matplotlib.axes._base:update_title_pos
DEBUG:matplotlib.axes._base:update_title_pos
DEBUG:matplotlib.axes._base:update_title_pos
DEBUG:matplotlib.axes._base:update_title_pos
DEBUG:matplotlib.axes._base:update_title_pos
DEBUG:matplotlib.axes._base:update_title_pos
DEBUG:matplotlib.axes._base:update_title_pos
DEBUG:matplotlib.axes._base:update_title_pos
DEBUG:matplotlib.axes._base:update_title_pos
DEBUG:matplotlib.axes._base:update_title_pos
DEBUG:matplotlib.axes._base:update_title_pos
DEBUG:matplotlib.axes._base:update_title_pos
DEBUG:matplotlib.axes._base:update_title_pos
DEBUG:matplotlib.axes._base:update_title_pos
DEBUG:matplotlib.axes._base:update_title_pos
DEBUG:matplotlib.axes._base:update_title_pos
DEBUG:matplotlib.axes._base:update_title_pos
DEBUG:matplotlib.axes._base:update_title_pos
DEBUG:matplotlib.axes._base:update_title_pos
DEBUG:matplotlib.axes._base:update_title_pos
DEBUG:matplotlib.axes._base:update_title_pos
DEBUG:matplotlib.axes._base:update_title_pos
DEBUG:matplotlib.axes._base:update_title_pos
DEBUG:matplotlib.axes._base:update_title_pos
DEBUG:matplotlib.axes._base:update_title_pos
DEBUG:matplotlib.axes._base:update_title_pos
DEBUG:matplotlib.axes._base:update_title_pos
DEBUG:matplotlib.axes._base:update_title_pos
DEBUG:matplotlib.axes._base:update_title_pos
DEBUG:matplotlib.axes._base:update_title_pos
DEBUG:matplotlib.axes._base:update_title_pos
DEBUG:matplotlib.axes._base:update_title_pos
DEBUG:matplotlib.axes._base:update_title_pos
DEBUG:matplotlib.axes._base:update_title_pos
DEBUG:matplotlib.axes._base:update_title_pos
DEBUG:matplotlib.axes._base:update_title_pos
DEBUG:matplotlib.axes._base:update_title_pos
DEBUG:matplotlib.axes._base:update_title_pos
DEBUG:matplotlib.axes._base:update_title_pos
DEBUG:matplotlib.axes._base:update_title_pos
DEBUG:matplotlib.axes._base:update_title_pos
DEBUG:matplotlib.axes._base:update_title_pos
DEBUG:matplotlib.axes._base:update_title_pos
DEBUG:matplotlib.axes._base:update_title_pos
DEBUG:matplotlib.axes._base:update_title_pos
DEBUG:matplotlib.axes._base:update_title_pos
DEBUG:matplotlib.axes._base:update_title_pos
DEBUG:matplotlib.axes._base:update_title_pos
DEBUG:matplotlib.axes._base:update_title_pos
DEBUG:matplotlib.axes._base:update_title_pos
DEBUG:matplotlib.axes._base:update_title_pos
DEBUG:matplotlib.axes._base:update_title_pos
DEBUG:matplotlib.axes._base:update_title_pos
DEBUG:matplotlib.axes._base:update_title_pos
DEBUG:matplotlib.axes._base:update_title_pos
DEBUG:matplotlib.axes._base:update_title_pos
DEBUG:matplotlib.axes._base:update_title_pos
DEBUG:matplotlib.axes._base:update_title_pos
DEBUG:matplotlib.axes._base:update_title_pos
DEBUG:matplotlib.axes._base:update_title_pos
DEBUG:matplotlib.axes._base:update_title_pos
DEBUG:matplotlib.axes._base:update_title_pos
DEBUG:matplotlib.axes._base:update_title_pos
DEBUG:matplotlib.axes._base:update_title_pos
DEBUG:matplotlib.axes._base:update_title_pos
DEBUG:matplotlib.axes._base:update_title_pos
DEBUG:matplotlib.axes._base:update_title_pos
DEBUG:matplotlib.axes._base:update_title_pos
DEBUG:matplotlib.axes._base:update_title_pos
DEBUG:matplotlib.axes._base:update_title_pos
DEBUG:matplotlib.axes._base:update_title_pos
DEBUG:matplotlib.axes._base:update_title_pos
DEBUG:matplotlib.axes._base:update_title_pos
DEBUG:matplotlib.axes._base:update_title_pos
DEBUG:matplotlib.axes._base:update_title_pos
DEBUG:matplotlib.axes._base:update_title_pos
DEBUG:matplotlib.axes._base:update_title_pos
DEBUG:matplotlib.axes._base:update_title_pos
DEBUG:matplotlib.axes._base:update_title_pos
DEBUG:matplotlib.axes._base:update_title_pos
DEBUG:matplotlib.axes._base:update_title_pos
DEBUG:matplotlib.axes._base:update_title_pos
DEBUG:matplotlib.axes._base:update_title_pos
DEBUG:matplotlib.axes._base:update_title_pos
DEBUG:matplotlib.axes._base:update_title_pos
DEBUG:matplotlib.axes._base:update_title_pos
DEBUG:matplotlib.axes._base:update_title_pos
DEBUG:root:               left   top   right  bottom
frame                                    
00002575.jpg  533.1  50.6  773.89  297.44
00002576.jpg  533.1  50.6  773.89  297.44
00002577.jpg  533.1  50.6  773.89  297.44
00002578.jpg  533.1  50.6  773.89  297.44
00002579.jpg  527.1  44.6  767.89  291.44
00002580.jpg  524.1  37.6  764.89  284.44
00002581.jpg  525.1  32.6  765.89  279.44
00002582.jpg  528.1  29.6  768.89  276.44
00002583.jpg  530.1  26.6  770.89  273.44
00002584.jpg  533.1  25.6  773.89  272.44
00002585.jpg  534.1  24.6  774.89  271.44
00002586.jpg  535.1  25.6  775.89  272.44
00002587.jpg  536.1  24.6  776.89  271.44
00002588.jpg  536.1  24.6  776.89  271.44
00002589.jpg  535.1  24.6  775.89  271.44
00002590.jpg  535.1  25.6  775.89  272.44
00002591.jpg  535.1  26.6  775.89  273.44
00002592.jpg  535.1  27.6  775.89  274.44
00002593.jpg  536.1  28.6  776.89  275.44
00002594.jpg  536.1  28.6  776.89  275.44
00002595.jpg  536.1  27.6  776.89  274.44
00002596.jpg  536.1  26.6  776.89  273.44
00002597.jpg  535.1  25.6  775.89  272.44
00002598.jpg  535.1  24.6  775.89  271.44
00002599.jpg  535.1  24.6  775.89  271.44
00002600.jpg  535.1  25.6  775.89  272.44
00002601.jpg  536.1  26.6  776.89  273.44
00002602.jpg  537.1  28.6  777.89  275.44
00002603.jpg  539.1  31.6  779.89  278.44
00002604.jpg  541.1  34.6  781.89  281.44
...             ...   ...     ...     ...
00002646.jpg  545.8  68.6  778.12  315.44
00002647.jpg  543.8  70.6  776.12  317.44
00002648.jpg  542.8  73.6  775.12  320.44
00002649.jpg  542.8  75.6  775.12  322.44
00002650.jpg  542.8  78.6  775.12  325.44
00002651.jpg  542.8  79.6  775.12  326.44
00002652.jpg  542.8  80.6  775.12  327.44
00002653.jpg  541.8  80.6  774.12  327.44
00002654.jpg  540.8  80.6  773.12  327.44
00002655.jpg  539.8  79.6  772.12  326.44
00002656.jpg  538.8  77.6  771.12  324.44
00002657.jpg  537.8  76.6  770.12  323.44
00002658.jpg  537.8  75.6  770.12  322.44
00002659.jpg  537.8  74.6  770.12  321.44
00002660.jpg  538.8  73.6  771.12  320.44
00002661.jpg  541.3  74.7  767.57  320.33
00002662.jpg  541.3  74.7  767.57  320.33
00002663.jpg  541.3  71.7  767.57  317.33
00002664.jpg  541.3  68.7  767.57  314.33
00002665.jpg  541.3  66.7  767.57  312.33
00002666.jpg  542.3  64.7  768.57  310.33
00002667.jpg  544.3  62.7  770.57  308.33
00002668.jpg  545.3  60.7  771.57  306.33
00002669.jpg  545.3  58.7  771.57  304.33
00002670.jpg  544.3  56.7  770.57  302.33
00002671.jpg  544.3  54.7  770.57  300.33
00002672.jpg  543.3  52.7  769.57  298.33
00002673.jpg  541.3  51.7  767.57  297.33
00002674.jpg  540.3  53.7  766.57  299.33
00002675.jpg  540.3  53.7  766.57  299.33

[101 rows x 4 columns]
DEBUG:matplotlib.axes._base:update_title_pos
DEBUG:matplotlib.axes._base:update_title_pos
DEBUG:matplotlib.axes._base:update_title_pos
DEBUG:matplotlib.axes._base:update_title_pos
DEBUG:matplotlib.axes._base:update_title_pos
DEBUG:matplotlib.axes._base:update_title_pos
DEBUG:matplotlib.axes._base:update_title_pos
DEBUG:matplotlib.axes._base:update_title_pos
DEBUG:matplotlib.axes._base:update_title_pos
DEBUG:matplotlib.axes._base:update_title_pos
DEBUG:matplotlib.axes._base:update_title_pos
DEBUG:matplotlib.axes._base:update_title_pos
DEBUG:matplotlib.axes._base:update_title_pos
DEBUG:matplotlib.axes._base:update_title_pos
DEBUG:matplotlib.axes._base:update_title_pos
DEBUG:matplotlib.axes._base:update_title_pos
DEBUG:matplotlib.axes._base:update_title_pos
DEBUG:matplotlib.axes._base:update_title_pos
DEBUG:matplotlib.axes._base:update_title_pos
DEBUG:matplotlib.axes._base:update_title_pos
DEBUG:matplotlib.axes._base:update_title_pos
DEBUG:matplotlib.axes._base:update_title_pos
DEBUG:matplotlib.axes._base:update_title_pos
DEBUG:matplotlib.axes._base:update_title_pos
DEBUG:matplotlib.axes._base:update_title_pos
DEBUG:matplotlib.axes._base:update_title_pos
DEBUG:matplotlib.axes._base:update_title_pos
DEBUG:matplotlib.axes._base:update_title_pos
DEBUG:matplotlib.axes._base:update_title_pos
DEBUG:matplotlib.axes._base:update_title_pos
DEBUG:matplotlib.axes._base:update_title_pos
DEBUG:matplotlib.axes._base:update_title_pos
DEBUG:matplotlib.axes._base:update_title_pos
DEBUG:matplotlib.axes._base:update_title_pos
DEBUG:matplotlib.axes._base:update_title_pos
DEBUG:matplotlib.axes._base:update_title_pos
DEBUG:matplotlib.axes._base:update_title_pos
DEBUG:matplotlib.axes._base:update_title_pos
DEBUG:matplotlib.axes._base:update_title_pos
DEBUG:matplotlib.axes._base:update_title_pos
DEBUG:matplotlib.axes._base:update_title_pos
DEBUG:matplotlib.axes._base:update_title_pos
DEBUG:matplotlib.axes._base:update_title_pos
DEBUG:matplotlib.axes._base:update_title_pos
DEBUG:matplotlib.axes._base:update_title_pos
DEBUG:matplotlib.axes._base:update_title_pos
DEBUG:matplotlib.axes._base:update_title_pos
DEBUG:matplotlib.axes._base:update_title_pos
DEBUG:matplotlib.axes._base:update_title_pos
DEBUG:matplotlib.axes._base:update_title_pos
DEBUG:matplotlib.axes._base:update_title_pos
DEBUG:matplotlib.axes._base:update_title_pos
DEBUG:matplotlib.axes._base:update_title_pos
DEBUG:matplotlib.axes._base:update_title_pos
DEBUG:matplotlib.axes._base:update_title_pos
DEBUG:matplotlib.axes._base:update_title_pos
DEBUG:matplotlib.axes._base:update_title_pos
DEBUG:matplotlib.axes._base:update_title_pos
DEBUG:matplotlib.axes._base:update_title_pos
DEBUG:matplotlib.axes._base:update_title_pos
DEBUG:matplotlib.axes._base:update_title_pos
DEBUG:matplotlib.axes._base:update_title_pos
DEBUG:matplotlib.axes._base:update_title_pos
DEBUG:matplotlib.axes._base:update_title_pos
DEBUG:matplotlib.axes._base:update_title_pos
DEBUG:matplotlib.axes._base:update_title_pos
DEBUG:matplotlib.axes._base:update_title_pos
DEBUG:matplotlib.axes._base:update_title_pos
DEBUG:matplotlib.axes._base:update_title_pos
DEBUG:matplotlib.axes._base:update_title_pos
DEBUG:matplotlib.axes._base:update_title_pos
DEBUG:matplotlib.axes._base:update_title_pos
DEBUG:matplotlib.axes._base:update_title_pos
DEBUG:matplotlib.axes._base:update_title_pos
DEBUG:matplotlib.axes._base:update_title_pos
DEBUG:matplotlib.axes._base:update_title_pos
DEBUG:matplotlib.axes._base:update_title_pos
DEBUG:matplotlib.axes._base:update_title_pos
DEBUG:matplotlib.axes._base:update_title_pos
DEBUG:matplotlib.axes._base:update_title_pos
DEBUG:matplotlib.axes._base:update_title_pos
DEBUG:matplotlib.axes._base:update_title_pos
DEBUG:matplotlib.axes._base:update_title_pos
DEBUG:matplotlib.axes._base:update_title_pos
DEBUG:matplotlib.axes._base:update_title_pos
DEBUG:matplotlib.axes._base:update_title_pos
DEBUG:matplotlib.axes._base:update_title_pos
DEBUG:matplotlib.axes._base:update_title_pos
DEBUG:matplotlib.axes._base:update_title_pos
DEBUG:matplotlib.axes._base:update_title_pos
DEBUG:matplotlib.axes._base:update_title_pos
DEBUG:matplotlib.axes._base:update_title_pos
DEBUG:matplotlib.axes._base:update_title_pos
DEBUG:matplotlib.axes._base:update_title_pos
DEBUG:matplotlib.axes._base:update_title_pos
DEBUG:matplotlib.axes._base:update_title_pos
DEBUG:matplotlib.axes._base:update_title_pos
DEBUG:matplotlib.axes._base:update_title_pos
DEBUG:matplotlib.axes._base:update_title_pos
DEBUG:matplotlib.axes._base:update_title_pos
DEBUG:matplotlib.axes._base:update_title_pos
DEBUG:matplotlib.axes._base:update_title_pos
DEBUG:matplotlib.axes._base:update_title_pos
DEBUG:matplotlib.axes._base:update_title_pos
DEBUG:matplotlib.axes._base:update_title_pos
DEBUG:matplotlib.axes._base:update_title_pos
DEBUG:matplotlib.axes._base:update_title_pos
DEBUG:matplotlib.axes._base:update_title_pos
DEBUG:matplotlib.axes._base:update_title_pos
DEBUG:matplotlib.axes._base:update_title_pos
DEBUG:matplotlib.axes._base:update_title_pos
DEBUG:matplotlib.axes._base:update_title_pos
DEBUG:matplotlib.axes._base:update_title_pos
DEBUG:matplotlib.axes._base:update_title_pos
DEBUG:matplotlib.axes._base:update_title_pos
DEBUG:matplotlib.axes._base:update_title_pos
DEBUG:matplotlib.axes._base:update_title_pos
DEBUG:matplotlib.axes._base:update_title_pos
DEBUG:matplotlib.axes._base:update_title_pos
DEBUG:matplotlib.axes._base:update_title_pos
DEBUG:matplotlib.axes._base:update_title_pos
DEBUG:matplotlib.axes._base:update_title_pos
DEBUG:matplotlib.axes._base:update_title_pos
DEBUG:matplotlib.axes._base:update_title_pos
DEBUG:matplotlib.axes._base:update_title_pos
DEBUG:matplotlib.axes._base:update_title_pos
DEBUG:matplotlib.axes._base:update_title_pos
DEBUG:matplotlib.axes._base:update_title_pos
DEBUG:matplotlib.axes._base:update_title_pos
DEBUG:matplotlib.axes._base:update_title_pos
DEBUG:matplotlib.axes._base:update_title_pos
DEBUG:matplotlib.axes._base:update_title_pos
DEBUG:matplotlib.axes._base:update_title_pos
DEBUG:matplotlib.axes._base:update_title_pos
DEBUG:matplotlib.axes._base:update_title_pos
DEBUG:matplotlib.axes._base:update_title_pos
DEBUG:matplotlib.axes._base:update_title_pos
DEBUG:matplotlib.axes._base:update_title_pos
DEBUG:matplotlib.axes._base:update_title_pos
DEBUG:matplotlib.axes._base:update_title_pos
DEBUG:matplotlib.axes._base:update_title_pos
DEBUG:matplotlib.axes._base:update_title_pos
DEBUG:matplotlib.axes._base:update_title_pos
DEBUG:matplotlib.axes._base:update_title_pos
DEBUG:matplotlib.axes._base:update_title_pos
DEBUG:matplotlib.axes._base:update_title_pos
DEBUG:matplotlib.axes._base:update_title_pos
DEBUG:matplotlib.axes._base:update_title_pos
DEBUG:matplotlib.axes._base:update_title_pos
DEBUG:matplotlib.axes._base:update_title_pos
DEBUG:matplotlib.axes._base:update_title_pos
DEBUG:matplotlib.axes._base:update_title_pos
DEBUG:matplotlib.axes._base:update_title_pos
DEBUG:matplotlib.axes._base:update_title_pos
DEBUG:matplotlib.axes._base:update_title_pos
DEBUG:matplotlib.axes._base:update_title_pos
DEBUG:matplotlib.axes._base:update_title_pos
DEBUG:matplotlib.axes._base:update_title_pos
DEBUG:matplotlib.axes._base:update_title_pos
DEBUG:matplotlib.axes._base:update_title_pos
DEBUG:matplotlib.axes._base:update_title_pos
DEBUG:matplotlib.axes._base:update_title_pos
DEBUG:matplotlib.axes._base:update_title_pos
DEBUG:matplotlib.axes._base:update_title_pos
DEBUG:matplotlib.axes._base:update_title_pos
DEBUG:matplotlib.axes._base:update_title_pos
DEBUG:matplotlib.axes._base:update_title_pos
DEBUG:matplotlib.axes._base:update_title_pos
DEBUG:matplotlib.axes._base:update_title_pos
DEBUG:matplotlib.axes._base:update_title_pos
DEBUG:matplotlib.axes._base:update_title_pos
DEBUG:matplotlib.axes._base:update_title_pos
DEBUG:matplotlib.axes._base:update_title_pos
DEBUG:matplotlib.axes._base:update_title_pos
DEBUG:matplotlib.axes._base:update_title_pos
DEBUG:matplotlib.axes._base:update_title_pos
DEBUG:matplotlib.axes._base:update_title_pos
DEBUG:matplotlib.axes._base:update_title_pos
DEBUG:matplotlib.axes._base:update_title_pos
DEBUG:matplotlib.axes._base:update_title_pos
DEBUG:matplotlib.axes._base:update_title_pos
DEBUG:matplotlib.axes._base:update_title_pos
DEBUG:matplotlib.axes._base:update_title_pos
DEBUG:matplotlib.axes._base:update_title_pos
DEBUG:matplotlib.axes._base:update_title_pos
DEBUG:matplotlib.axes._base:update_title_pos
DEBUG:matplotlib.axes._base:update_title_pos
DEBUG:matplotlib.axes._base:update_title_pos
DEBUG:matplotlib.axes._base:update_title_pos
DEBUG:matplotlib.axes._base:update_title_pos
DEBUG:matplotlib.axes._base:update_title_pos
DEBUG:matplotlib.axes._base:update_title_pos
DEBUG:matplotlib.axes._base:update_title_pos
DEBUG:matplotlib.axes._base:update_title_pos
DEBUG:matplotlib.axes._base:update_title_pos
DEBUG:matplotlib.axes._base:update_title_pos
DEBUG:matplotlib.axes._base:update_title_pos
DEBUG:matplotlib.axes._base:update_title_pos
DEBUG:matplotlib.axes._base:update_title_pos
DEBUG:matplotlib.axes._base:update_title_pos
DEBUG:matplotlib.axes._base:update_title_pos
DEBUG:matplotlib.axes._base:update_title_pos
DEBUG:root:               left   top   right  bottom
frame                                    
00002575.jpg  533.1  50.6  773.89  297.44
00002576.jpg  533.1  50.6  773.89  297.44
00002577.jpg  533.1  50.6  773.89  297.44
00002578.jpg  533.1  50.6  773.89  297.44
00002579.jpg  527.1  44.6  767.89  291.44
00002580.jpg  524.1  37.6  764.89  284.44
00002581.jpg  525.1  32.6  765.89  279.44
00002582.jpg  528.1  29.6  768.89  276.44
00002583.jpg  530.1  26.6  770.89  273.44
00002584.jpg  533.1  25.6  773.89  272.44
00002585.jpg  534.1  24.6  774.89  271.44
00002586.jpg  535.1  25.6  775.89  272.44
00002587.jpg  536.1  24.6  776.89  271.44
00002588.jpg  536.1  24.6  776.89  271.44
00002589.jpg  535.1  24.6  775.89  271.44
00002590.jpg  535.1  25.6  775.89  272.44
00002591.jpg  535.1  26.6  775.89  273.44
00002592.jpg  535.1  27.6  775.89  274.44
00002593.jpg  536.1  28.6  776.89  275.44
00002594.jpg  536.1  28.6  776.89  275.44
00002595.jpg  536.1  27.6  776.89  274.44
00002596.jpg  536.1  26.6  776.89  273.44
00002597.jpg  535.1  25.6  775.89  272.44
00002598.jpg  535.1  24.6  775.89  271.44
00002599.jpg  535.1  24.6  775.89  271.44
00002600.jpg  535.1  25.6  775.89  272.44
00002601.jpg  536.1  26.6  776.89  273.44
00002602.jpg  537.1  28.6  777.89  275.44
00002603.jpg  539.1  31.6  779.89  278.44
00002604.jpg  541.1  34.6  781.89  281.44
...             ...   ...     ...     ...
00002646.jpg  545.8  68.6  778.12  315.44
00002647.jpg  543.8  70.6  776.12  317.44
00002648.jpg  542.8  73.6  775.12  320.44
00002649.jpg  542.8  75.6  775.12  322.44
00002650.jpg  542.8  78.6  775.12  325.44
00002651.jpg  542.8  79.6  775.12  326.44
00002652.jpg  542.8  80.6  775.12  327.44
00002653.jpg  541.8  80.6  774.12  327.44
00002654.jpg  540.8  80.6  773.12  327.44
00002655.jpg  539.8  79.6  772.12  326.44
00002656.jpg  538.8  77.6  771.12  324.44
00002657.jpg  537.8  76.6  770.12  323.44
00002658.jpg  537.8  75.6  770.12  322.44
00002659.jpg  537.8  74.6  770.12  321.44
00002660.jpg  538.8  73.6  771.12  320.44
00002661.jpg  541.3  74.7  767.57  320.33
00002662.jpg  541.3  74.7  767.57  320.33
00002663.jpg  541.3  71.7  767.57  317.33
00002664.jpg  541.3  68.7  767.57  314.33
00002665.jpg  541.3  66.7  767.57  312.33
00002666.jpg  542.3  64.7  768.57  310.33
00002667.jpg  544.3  62.7  770.57  308.33
00002668.jpg  545.3  60.7  771.57  306.33
00002669.jpg  545.3  58.7  771.57  304.33
00002670.jpg  544.3  56.7  770.57  302.33
00002671.jpg  544.3  54.7  770.57  300.33
00002672.jpg  543.3  52.7  769.57  298.33
00002673.jpg  541.3  51.7  767.57  297.33
00002674.jpg  540.3  53.7  766.57  299.33
00002675.jpg  540.3  53.7  766.57  299.33

[101 rows x 4 columns]
DEBUG:root:               left   top   right  bottom
frame                                    
00002575.jpg  533.1  50.6  773.89  297.44
00002576.jpg  533.1  50.6  773.89  297.44
00002577.jpg  533.1  50.6  773.89  297.44
00002578.jpg  533.1  50.6  773.89  297.44
00002579.jpg  527.1  44.6  767.89  291.44
00002580.jpg  524.1  37.6  764.89  284.44
00002581.jpg  525.1  32.6  765.89  279.44
00002582.jpg  528.1  29.6  768.89  276.44
00002583.jpg  530.1  26.6  770.89  273.44
00002584.jpg  533.1  25.6  773.89  272.44
00002585.jpg  534.1  24.6  774.89  271.44
00002586.jpg  535.1  25.6  775.89  272.44
00002587.jpg  536.1  24.6  776.89  271.44
00002588.jpg  536.1  24.6  776.89  271.44
00002589.jpg  535.1  24.6  775.89  271.44
00002590.jpg  535.1  25.6  775.89  272.44
00002591.jpg  535.1  26.6  775.89  273.44
00002592.jpg  535.1  27.6  775.89  274.44
00002593.jpg  536.1  28.6  776.89  275.44
00002594.jpg  536.1  28.6  776.89  275.44
00002595.jpg  536.1  27.6  776.89  274.44
00002596.jpg  536.1  26.6  776.89  273.44
00002597.jpg  535.1  25.6  775.89  272.44
00002598.jpg  535.1  24.6  775.89  271.44
00002599.jpg  535.1  24.6  775.89  271.44
00002600.jpg  535.1  25.6  775.89  272.44
00002601.jpg  536.1  26.6  776.89  273.44
00002602.jpg  537.1  28.6  777.89  275.44
00002603.jpg  539.1  31.6  779.89  278.44
00002604.jpg  541.1  34.6  781.89  281.44
...             ...   ...     ...     ...
00002646.jpg  545.8  68.6  778.12  315.44
00002647.jpg  543.8  70.6  776.12  317.44
00002648.jpg  542.8  73.6  775.12  320.44
00002649.jpg  542.8  75.6  775.12  322.44
00002650.jpg  542.8  78.6  775.12  325.44
00002651.jpg  542.8  79.6  775.12  326.44
00002652.jpg  542.8  80.6  775.12  327.44
00002653.jpg  541.8  80.6  774.12  327.44
00002654.jpg  540.8  80.6  773.12  327.44
00002655.jpg  539.8  79.6  772.12  326.44
00002656.jpg  538.8  77.6  771.12  324.44
00002657.jpg  537.8  76.6  770.12  323.44
00002658.jpg  537.8  75.6  770.12  322.44
00002659.jpg  537.8  74.6  770.12  321.44
00002660.jpg  538.8  73.6  771.12  320.44
00002661.jpg  541.3  74.7  767.57  320.33
00002662.jpg  541.3  74.7  767.57  320.33
00002663.jpg  541.3  71.7  767.57  317.33
00002664.jpg  541.3  68.7  767.57  314.33
00002665.jpg  541.3  66.7  767.57  312.33
00002666.jpg  542.3  64.7  768.57  310.33
00002667.jpg  544.3  62.7  770.57  308.33
00002668.jpg  545.3  60.7  771.57  306.33
00002669.jpg  545.3  58.7  771.57  304.33
00002670.jpg  544.3  56.7  770.57  302.33
00002671.jpg  544.3  54.7  770.57  300.33
00002672.jpg  543.3  52.7  769.57  298.33
00002673.jpg  541.3  51.7  767.57  297.33
00002674.jpg  540.3  53.7  766.57  299.33
00002675.jpg  540.3  53.7  766.57  299.33

[101 rows x 4 columns]
DEBUG:root:               left   top   right  bottom
frame                                    
00002575.jpg  533.1  50.6  773.89  297.44
00002576.jpg  533.1  50.6  773.89  297.44
00002577.jpg  533.1  50.6  773.89  297.44
00002578.jpg  533.1  50.6  773.89  297.44
00002579.jpg  527.1  44.6  767.89  291.44
00002580.jpg  524.1  37.6  764.89  284.44
00002581.jpg  525.1  32.6  765.89  279.44
00002582.jpg  528.1  29.6  768.89  276.44
00002583.jpg  530.1  26.6  770.89  273.44
00002584.jpg  533.1  25.6  773.89  272.44
00002585.jpg  534.1  24.6  774.89  271.44
00002586.jpg  535.1  25.6  775.89  272.44
00002587.jpg  536.1  24.6  776.89  271.44
00002588.jpg  536.1  24.6  776.89  271.44
00002589.jpg  535.1  24.6  775.89  271.44
00002590.jpg  535.1  25.6  775.89  272.44
00002591.jpg  535.1  26.6  775.89  273.44
00002592.jpg  535.1  27.6  775.89  274.44
00002593.jpg  536.1  28.6  776.89  275.44
00002594.jpg  536.1  28.6  776.89  275.44
00002595.jpg  536.1  27.6  776.89  274.44
00002596.jpg  536.1  26.6  776.89  273.44
00002597.jpg  535.1  25.6  775.89  272.44
00002598.jpg  535.1  24.6  775.89  271.44
00002599.jpg  535.1  24.6  775.89  271.44
00002600.jpg  535.1  25.6  775.89  272.44
00002601.jpg  536.1  26.6  776.89  273.44
00002602.jpg  537.1  28.6  777.89  275.44
00002603.jpg  539.1  31.6  779.89  278.44
00002604.jpg  541.1  34.6  781.89  281.44
...             ...   ...     ...     ...
00002646.jpg  545.8  68.6  778.12  315.44
00002647.jpg  543.8  70.6  776.12  317.44
00002648.jpg  542.8  73.6  775.12  320.44
00002649.jpg  542.8  75.6  775.12  322.44
00002650.jpg  542.8  78.6  775.12  325.44
00002651.jpg  542.8  79.6  775.12  326.44
00002652.jpg  542.8  80.6  775.12  327.44
00002653.jpg  541.8  80.6  774.12  327.44
00002654.jpg  540.8  80.6  773.12  327.44
00002655.jpg  539.8  79.6  772.12  326.44
00002656.jpg  538.8  77.6  771.12  324.44
00002657.jpg  537.8  76.6  770.12  323.44
00002658.jpg  537.8  75.6  770.12  322.44
00002659.jpg  537.8  74.6  770.12  321.44
00002660.jpg  538.8  73.6  771.12  320.44
00002661.jpg  541.3  74.7  767.57  320.33
00002662.jpg  541.3  74.7  767.57  320.33
00002663.jpg  541.3  71.7  767.57  317.33
00002664.jpg  541.3  68.7  767.57  314.33
00002665.jpg  541.3  66.7  767.57  312.33
00002666.jpg  542.3  64.7  768.57  310.33
00002667.jpg  544.3  62.7  770.57  308.33
00002668.jpg  545.3  60.7  771.57  306.33
00002669.jpg  545.3  58.7  771.57  304.33
00002670.jpg  544.3  56.7  770.57  302.33
00002671.jpg  544.3  54.7  770.57  300.33
00002672.jpg  543.3  52.7  769.57  298.33
00002673.jpg  541.3  51.7  767.57  297.33
00002674.jpg  540.3  53.7  766.57  299.33
00002675.jpg  540.3  53.7  766.57  299.33

[101 rows x 4 columns]
DEBUG:root:               left   top   right  bottom
frame                                    
00002575.jpg  533.1  50.6  773.89  297.44
00002576.jpg  533.1  50.6  773.89  297.44
00002577.jpg  533.1  50.6  773.89  297.44
00002578.jpg  533.1  50.6  773.89  297.44
00002579.jpg  527.1  44.6  767.89  291.44
00002580.jpg  524.1  37.6  764.89  284.44
00002581.jpg  525.1  32.6  765.89  279.44
00002582.jpg  528.1  29.6  768.89  276.44
00002583.jpg  530.1  26.6  770.89  273.44
00002584.jpg  533.1  25.6  773.89  272.44
00002585.jpg  534.1  24.6  774.89  271.44
00002586.jpg  535.1  25.6  775.89  272.44
00002587.jpg  536.1  24.6  776.89  271.44
00002588.jpg  536.1  24.6  776.89  271.44
00002589.jpg  535.1  24.6  775.89  271.44
00002590.jpg  535.1  25.6  775.89  272.44
00002591.jpg  535.1  26.6  775.89  273.44
00002592.jpg  535.1  27.6  775.89  274.44
00002593.jpg  536.1  28.6  776.89  275.44
00002594.jpg  536.1  28.6  776.89  275.44
00002595.jpg  536.1  27.6  776.89  274.44
00002596.jpg  536.1  26.6  776.89  273.44
00002597.jpg  535.1  25.6  775.89  272.44
00002598.jpg  535.1  24.6  775.89  271.44
00002599.jpg  535.1  24.6  775.89  271.44
00002600.jpg  535.1  25.6  775.89  272.44
00002601.jpg  536.1  26.6  776.89  273.44
00002602.jpg  537.1  28.6  777.89  275.44
00002603.jpg  539.1  31.6  779.89  278.44
00002604.jpg  541.1  34.6  781.89  281.44
...             ...   ...     ...     ...
00002646.jpg  545.8  68.6  778.12  315.44
00002647.jpg  543.8  70.6  776.12  317.44
00002648.jpg  542.8  73.6  775.12  320.44
00002649.jpg  542.8  75.6  775.12  322.44
00002650.jpg  542.8  78.6  775.12  325.44
00002651.jpg  542.8  79.6  775.12  326.44
00002652.jpg  542.8  80.6  775.12  327.44
00002653.jpg  541.8  80.6  774.12  327.44
00002654.jpg  540.8  80.6  773.12  327.44
00002655.jpg  539.8  79.6  772.12  326.44
00002656.jpg  538.8  77.6  771.12  324.44
00002657.jpg  537.8  76.6  770.12  323.44
00002658.jpg  537.8  75.6  770.12  322.44
00002659.jpg  537.8  74.6  770.12  321.44
00002660.jpg  538.8  73.6  771.12  320.44
00002661.jpg  541.3  74.7  767.57  320.33
00002662.jpg  541.3  74.7  767.57  320.33
00002663.jpg  541.3  71.7  767.57  317.33
00002664.jpg  541.3  68.7  767.57  314.33
00002665.jpg  541.3  66.7  767.57  312.33
00002666.jpg  542.3  64.7  768.57  310.33
00002667.jpg  544.3  62.7  770.57  308.33
00002668.jpg  545.3  60.7  771.57  306.33
00002669.jpg  545.3  58.7  771.57  304.33
00002670.jpg  544.3  56.7  770.57  302.33
00002671.jpg  544.3  54.7  770.57  300.33
00002672.jpg  543.3  52.7  769.57  298.33
00002673.jpg  541.3  51.7  767.57  297.33
00002674.jpg  540.3  53.7  766.57  299.33
00002675.jpg  540.3  53.7  766.57  299.33

[101 rows x 4 columns]
DEBUG:matplotlib.axes._base:update_title_pos
DEBUG:matplotlib.axes._base:update_title_pos
DEBUG:matplotlib.axes._base:update_title_pos
DEBUG:matplotlib.axes._base:update_title_pos
DEBUG:matplotlib.axes._base:update_title_pos
DEBUG:matplotlib.axes._base:update_title_pos
DEBUG:matplotlib.axes._base:update_title_pos
DEBUG:matplotlib.axes._base:update_title_pos
DEBUG:matplotlib.axes._base:update_title_pos
DEBUG:matplotlib.axes._base:update_title_pos
DEBUG:matplotlib.axes._base:update_title_pos
DEBUG:matplotlib.axes._base:update_title_pos
DEBUG:matplotlib.axes._base:update_title_pos
DEBUG:matplotlib.axes._base:update_title_pos
DEBUG:matplotlib.axes._base:update_title_pos
DEBUG:matplotlib.axes._base:update_title_pos
DEBUG:matplotlib.axes._base:update_title_pos
DEBUG:matplotlib.axes._base:update_title_pos
DEBUG:matplotlib.axes._base:update_title_pos
DEBUG:matplotlib.axes._base:update_title_pos
DEBUG:matplotlib.axes._base:update_title_pos
DEBUG:matplotlib.axes._base:update_title_pos
DEBUG:matplotlib.axes._base:update_title_pos
DEBUG:matplotlib.axes._base:update_title_pos
DEBUG:matplotlib.axes._base:update_title_pos
DEBUG:matplotlib.axes._base:update_title_pos
DEBUG:matplotlib.axes._base:update_title_pos
DEBUG:matplotlib.axes._base:update_title_pos
DEBUG:matplotlib.axes._base:update_title_pos
DEBUG:matplotlib.axes._base:update_title_pos
DEBUG:matplotlib.axes._base:update_title_pos
DEBUG:matplotlib.axes._base:update_title_pos
DEBUG:matplotlib.axes._base:update_title_pos
DEBUG:matplotlib.axes._base:update_title_pos
DEBUG:matplotlib.axes._base:update_title_pos
DEBUG:matplotlib.axes._base:update_title_pos
DEBUG:matplotlib.axes._base:update_title_pos
DEBUG:matplotlib.axes._base:update_title_pos
DEBUG:matplotlib.axes._base:update_title_pos
DEBUG:matplotlib.axes._base:update_title_pos
DEBUG:matplotlib.axes._base:update_title_pos
DEBUG:matplotlib.axes._base:update_title_pos
DEBUG:matplotlib.axes._base:update_title_pos
DEBUG:matplotlib.axes._base:update_title_pos
DEBUG:matplotlib.axes._base:update_title_pos
DEBUG:matplotlib.axes._base:update_title_pos
DEBUG:matplotlib.axes._base:update_title_pos
DEBUG:matplotlib.axes._base:update_title_pos
DEBUG:matplotlib.axes._base:update_title_pos
DEBUG:matplotlib.axes._base:update_title_pos
DEBUG:matplotlib.axes._base:update_title_pos
DEBUG:matplotlib.axes._base:update_title_pos
DEBUG:matplotlib.axes._base:update_title_pos
DEBUG:matplotlib.axes._base:update_title_pos
DEBUG:matplotlib.axes._base:update_title_pos
DEBUG:matplotlib.axes._base:update_title_pos
DEBUG:matplotlib.axes._base:update_title_pos
DEBUG:matplotlib.axes._base:update_title_pos
DEBUG:matplotlib.axes._base:update_title_pos
DEBUG:matplotlib.axes._base:update_title_pos
DEBUG:matplotlib.axes._base:update_title_pos
DEBUG:matplotlib.axes._base:update_title_pos
DEBUG:matplotlib.axes._base:update_title_pos
DEBUG:matplotlib.axes._base:update_title_pos
DEBUG:matplotlib.axes._base:update_title_pos
DEBUG:matplotlib.axes._base:update_title_pos
DEBUG:matplotlib.axes._base:update_title_pos
DEBUG:matplotlib.axes._base:update_title_pos
DEBUG:matplotlib.axes._base:update_title_pos
DEBUG:matplotlib.axes._base:update_title_pos
DEBUG:matplotlib.axes._base:update_title_pos
DEBUG:matplotlib.axes._base:update_title_pos
DEBUG:matplotlib.axes._base:update_title_pos
DEBUG:matplotlib.axes._base:update_title_pos
DEBUG:matplotlib.axes._base:update_title_pos
DEBUG:matplotlib.axes._base:update_title_pos
DEBUG:matplotlib.axes._base:update_title_pos
DEBUG:matplotlib.axes._base:update_title_pos
DEBUG:matplotlib.axes._base:update_title_pos
DEBUG:matplotlib.axes._base:update_title_pos
DEBUG:matplotlib.axes._base:update_title_pos
DEBUG:matplotlib.axes._base:update_title_pos
DEBUG:matplotlib.axes._base:update_title_pos
DEBUG:matplotlib.axes._base:update_title_pos
DEBUG:matplotlib.axes._base:update_title_pos
DEBUG:matplotlib.axes._base:update_title_pos
DEBUG:matplotlib.axes._base:update_title_pos
DEBUG:matplotlib.axes._base:update_title_pos
DEBUG:matplotlib.axes._base:update_title_pos
DEBUG:matplotlib.axes._base:update_title_pos
DEBUG:matplotlib.axes._base:update_title_pos
DEBUG:matplotlib.axes._base:update_title_pos
DEBUG:matplotlib.axes._base:update_title_pos
DEBUG:matplotlib.axes._base:update_title_pos
DEBUG:matplotlib.axes._base:update_title_pos
DEBUG:matplotlib.axes._base:update_title_pos
DEBUG:matplotlib.axes._base:update_title_pos
DEBUG:matplotlib.axes._base:update_title_pos
DEBUG:matplotlib.axes._base:update_title_pos
DEBUG:matplotlib.axes._base:update_title_pos
DEBUG:matplotlib.axes._base:update_title_pos
DEBUG:matplotlib.axes._base:update_title_pos
DEBUG:matplotlib.axes._base:update_title_pos
DEBUG:matplotlib.axes._base:update_title_pos
DEBUG:matplotlib.axes._base:update_title_pos
DEBUG:matplotlib.axes._base:update_title_pos
DEBUG:matplotlib.axes._base:update_title_pos
DEBUG:matplotlib.axes._base:update_title_pos
DEBUG:matplotlib.axes._base:update_title_pos
DEBUG:matplotlib.axes._base:update_title_pos
DEBUG:matplotlib.axes._base:update_title_pos
DEBUG:matplotlib.axes._base:update_title_pos
DEBUG:matplotlib.axes._base:update_title_pos
DEBUG:matplotlib.axes._base:update_title_pos
DEBUG:root:               left   top   right  bottom
frame                                    
00002575.jpg  533.1  50.6  773.89  297.44
00002576.jpg  533.1  50.6  773.89  297.44
00002577.jpg  533.1  50.6  773.89  297.44
00002578.jpg  533.1  50.6  773.89  297.44
00002579.jpg  527.1  44.6  767.89  291.44
00002580.jpg  524.1  37.6  764.89  284.44
00002581.jpg  525.1  32.6  765.89  279.44
00002582.jpg  528.1  29.6  768.89  276.44
00002583.jpg  530.1  26.6  770.89  273.44
00002584.jpg  533.1  25.6  773.89  272.44
00002585.jpg  534.1  24.6  774.89  271.44
00002586.jpg  535.1  25.6  775.89  272.44
00002587.jpg  536.1  24.6  776.89  271.44
00002588.jpg  536.1  24.6  776.89  271.44
00002589.jpg  535.1  24.6  775.89  271.44
00002590.jpg  535.1  25.6  775.89  272.44
00002591.jpg  535.1  26.6  775.89  273.44
00002592.jpg  535.1  27.6  775.89  274.44
00002593.jpg  536.1  28.6  776.89  275.44
00002594.jpg  536.1  28.6  776.89  275.44
00002595.jpg  536.1  27.6  776.89  274.44
00002596.jpg  536.1  26.6  776.89  273.44
00002597.jpg  535.1  25.6  775.89  272.44
00002598.jpg  535.1  24.6  775.89  271.44
00002599.jpg  535.1  24.6  775.89  271.44
00002600.jpg  535.1  25.6  775.89  272.44
00002601.jpg  536.1  26.6  776.89  273.44
00002602.jpg  537.1  28.6  777.89  275.44
00002603.jpg  539.1  31.6  779.89  278.44
00002604.jpg  541.1  34.6  781.89  281.44
...             ...   ...     ...     ...
00002646.jpg  545.8  68.6  778.12  315.44
00002647.jpg  543.8  70.6  776.12  317.44
00002648.jpg  542.8  73.6  775.12  320.44
00002649.jpg  542.8  75.6  775.12  322.44
00002650.jpg  542.8  78.6  775.12  325.44
00002651.jpg  542.8  79.6  775.12  326.44
00002652.jpg  542.8  80.6  775.12  327.44
00002653.jpg  541.8  80.6  774.12  327.44
00002654.jpg  540.8  80.6  773.12  327.44
00002655.jpg  539.8  79.6  772.12  326.44
00002656.jpg  538.8  77.6  771.12  324.44
00002657.jpg  537.8  76.6  770.12  323.44
00002658.jpg  537.8  75.6  770.12  322.44
00002659.jpg  537.8  74.6  770.12  321.44
00002660.jpg  538.8  73.6  771.12  320.44
00002661.jpg  541.3  74.7  767.57  320.33
00002662.jpg  541.3  74.7  767.57  320.33
00002663.jpg  541.3  71.7  767.57  317.33
00002664.jpg  541.3  68.7  767.57  314.33
00002665.jpg  541.3  66.7  767.57  312.33
00002666.jpg  542.3  64.7  768.57  310.33
00002667.jpg  544.3  62.7  770.57  308.33
00002668.jpg  545.3  60.7  771.57  306.33
00002669.jpg  545.3  58.7  771.57  304.33
00002670.jpg  544.3  56.7  770.57  302.33
00002671.jpg  544.3  54.7  770.57  300.33
00002672.jpg  543.3  52.7  769.57  298.33
00002673.jpg  541.3  51.7  767.57  297.33
00002674.jpg  540.3  53.7  766.57  299.33
00002675.jpg  540.3  53.7  766.57  299.33

[101 rows x 4 columns]
DEBUG:matplotlib.axes._base:update_title_pos
DEBUG:matplotlib.axes._base:update_title_pos
DEBUG:matplotlib.axes._base:update_title_pos
DEBUG:matplotlib.axes._base:update_title_pos
DEBUG:matplotlib.axes._base:update_title_pos
DEBUG:matplotlib.axes._base:update_title_pos
DEBUG:matplotlib.axes._base:update_title_pos
DEBUG:matplotlib.axes._base:update_title_pos
DEBUG:matplotlib.axes._base:update_title_pos
DEBUG:matplotlib.axes._base:update_title_pos
DEBUG:matplotlib.axes._base:update_title_pos
DEBUG:matplotlib.axes._base:update_title_pos
DEBUG:matplotlib.axes._base:update_title_pos
DEBUG:matplotlib.axes._base:update_title_pos
DEBUG:matplotlib.axes._base:update_title_pos
DEBUG:matplotlib.axes._base:update_title_pos
DEBUG:matplotlib.axes._base:update_title_pos
DEBUG:matplotlib.axes._base:update_title_pos
DEBUG:matplotlib.axes._base:update_title_pos
DEBUG:matplotlib.axes._base:update_title_pos
DEBUG:matplotlib.axes._base:update_title_pos
DEBUG:matplotlib.axes._base:update_title_pos
DEBUG:matplotlib.axes._base:update_title_pos
DEBUG:matplotlib.axes._base:update_title_pos
DEBUG:matplotlib.axes._base:update_title_pos
DEBUG:matplotlib.axes._base:update_title_pos
DEBUG:matplotlib.axes._base:update_title_pos
DEBUG:matplotlib.axes._base:update_title_pos
DEBUG:matplotlib.axes._base:update_title_pos
DEBUG:matplotlib.axes._base:update_title_pos
DEBUG:matplotlib.axes._base:update_title_pos
DEBUG:matplotlib.axes._base:update_title_pos
DEBUG:root:               left   top   right  bottom
frame                                    
00002575.jpg  533.1  50.6  773.89  297.44
00002576.jpg  533.1  50.6  773.89  297.44
00002577.jpg  533.1  50.6  773.89  297.44
00002578.jpg  533.1  50.6  773.89  297.44
00002579.jpg  527.1  44.6  767.89  291.44
00002580.jpg  524.1  37.6  764.89  284.44
00002581.jpg  525.1  32.6  765.89  279.44
00002582.jpg  528.1  29.6  768.89  276.44
00002583.jpg  530.1  26.6  770.89  273.44
00002584.jpg  533.1  25.6  773.89  272.44
00002585.jpg  534.1  24.6  774.89  271.44
00002586.jpg  535.1  25.6  775.89  272.44
00002587.jpg  536.1  24.6  776.89  271.44
00002588.jpg  536.1  24.6  776.89  271.44
00002589.jpg  535.1  24.6  775.89  271.44
00002590.jpg  535.1  25.6  775.89  272.44
00002591.jpg  535.1  26.6  775.89  273.44
00002592.jpg  535.1  27.6  775.89  274.44
00002593.jpg  536.1  28.6  776.89  275.44
00002594.jpg  536.1  28.6  776.89  275.44
00002595.jpg  536.1  27.6  776.89  274.44
00002596.jpg  536.1  26.6  776.89  273.44
00002597.jpg  535.1  25.6  775.89  272.44
00002598.jpg  535.1  24.6  775.89  271.44
00002599.jpg  535.1  24.6  775.89  271.44
00002600.jpg  535.1  25.6  775.89  272.44
00002601.jpg  536.1  26.6  776.89  273.44
00002602.jpg  537.1  28.6  777.89  275.44
00002603.jpg  539.1  31.6  779.89  278.44
00002604.jpg  541.1  34.6  781.89  281.44
...             ...   ...     ...     ...
00002646.jpg  545.8  68.6  778.12  315.44
00002647.jpg  543.8  70.6  776.12  317.44
00002648.jpg  542.8  73.6  775.12  320.44
00002649.jpg  542.8  75.6  775.12  322.44
00002650.jpg  542.8  78.6  775.12  325.44
00002651.jpg  542.8  79.6  775.12  326.44
00002652.jpg  542.8  80.6  775.12  327.44
00002653.jpg  541.8  80.6  774.12  327.44
00002654.jpg  540.8  80.6  773.12  327.44
00002655.jpg  539.8  79.6  772.12  326.44
00002656.jpg  538.8  77.6  771.12  324.44
00002657.jpg  537.8  76.6  770.12  323.44
00002658.jpg  537.8  75.6  770.12  322.44
00002659.jpg  537.8  74.6  770.12  321.44
00002660.jpg  538.8  73.6  771.12  320.44
00002661.jpg  541.3  74.7  767.57  320.33
00002662.jpg  541.3  74.7  767.57  320.33
00002663.jpg  541.3  71.7  767.57  317.33
00002664.jpg  541.3  68.7  767.57  314.33
00002665.jpg  541.3  66.7  767.57  312.33
00002666.jpg  542.3  64.7  768.57  310.33
00002667.jpg  544.3  62.7  770.57  308.33
00002668.jpg  545.3  60.7  771.57  306.33
00002669.jpg  545.3  58.7  771.57  304.33
00002670.jpg  544.3  56.7  770.57  302.33
00002671.jpg  544.3  54.7  770.57  300.33
00002672.jpg  543.3  52.7  769.57  298.33
00002673.jpg  541.3  51.7  767.57  297.33
00002674.jpg  540.3  53.7  766.57  299.33
00002675.jpg  540.3  53.7  766.57  299.33

[101 rows x 4 columns]
DEBUG:matplotlib.axes._base:update_title_pos
DEBUG:matplotlib.axes._base:update_title_pos
DEBUG:matplotlib.axes._base:update_title_pos
DEBUG:matplotlib.axes._base:update_title_pos
DEBUG:matplotlib.axes._base:update_title_pos
DEBUG:matplotlib.axes._base:update_title_pos
DEBUG:matplotlib.axes._base:update_title_pos
DEBUG:matplotlib.axes._base:update_title_pos
DEBUG:matplotlib.axes._base:update_title_pos
DEBUG:matplotlib.axes._base:update_title_pos
DEBUG:matplotlib.axes._base:update_title_pos
DEBUG:matplotlib.axes._base:update_title_pos
DEBUG:matplotlib.axes._base:update_title_pos
DEBUG:matplotlib.axes._base:update_title_pos
DEBUG:matplotlib.axes._base:update_title_pos
DEBUG:matplotlib.axes._base:update_title_pos
DEBUG:matplotlib.axes._base:update_title_pos
DEBUG:matplotlib.axes._base:update_title_pos
DEBUG:matplotlib.axes._base:update_title_pos
DEBUG:matplotlib.axes._base:update_title_pos
DEBUG:matplotlib.axes._base:update_title_pos
DEBUG:matplotlib.axes._base:update_title_pos
DEBUG:matplotlib.axes._base:update_title_pos
DEBUG:matplotlib.axes._base:update_title_pos
DEBUG:matplotlib.axes._base:update_title_pos
DEBUG:matplotlib.axes._base:update_title_pos
DEBUG:matplotlib.axes._base:update_title_pos
DEBUG:matplotlib.axes._base:update_title_pos
DEBUG:matplotlib.axes._base:update_title_pos
DEBUG:matplotlib.axes._base:update_title_pos
DEBUG:matplotlib.axes._base:update_title_pos
DEBUG:matplotlib.axes._base:update_title_pos
DEBUG:matplotlib.axes._base:update_title_pos
DEBUG:matplotlib.axes._base:update_title_pos
DEBUG:matplotlib.axes._base:update_title_pos
DEBUG:matplotlib.axes._base:update_title_pos
DEBUG:matplotlib.axes._base:update_title_pos
DEBUG:matplotlib.axes._base:update_title_pos
DEBUG:matplotlib.axes._base:update_title_pos
DEBUG:matplotlib.axes._base:update_title_pos
DEBUG:matplotlib.axes._base:update_title_pos
DEBUG:matplotlib.axes._base:update_title_pos
DEBUG:matplotlib.axes._base:update_title_pos
DEBUG:matplotlib.axes._base:update_title_pos
DEBUG:matplotlib.axes._base:update_title_pos
DEBUG:matplotlib.axes._base:update_title_pos
DEBUG:matplotlib.axes._base:update_title_pos
DEBUG:matplotlib.axes._base:update_title_pos
DEBUG:matplotlib.axes._base:update_title_pos
DEBUG:matplotlib.axes._base:update_title_pos
DEBUG:matplotlib.axes._base:update_title_pos
DEBUG:matplotlib.axes._base:update_title_pos
DEBUG:matplotlib.axes._base:update_title_pos
DEBUG:matplotlib.axes._base:update_title_pos
DEBUG:matplotlib.axes._base:update_title_pos
DEBUG:matplotlib.axes._base:update_title_pos
DEBUG:matplotlib.axes._base:update_title_pos
DEBUG:matplotlib.axes._base:update_title_pos
DEBUG:matplotlib.axes._base:update_title_pos
DEBUG:matplotlib.axes._base:update_title_pos
DEBUG:matplotlib.axes._base:update_title_pos
DEBUG:matplotlib.axes._base:update_title_pos
DEBUG:matplotlib.axes._base:update_title_pos
DEBUG:matplotlib.axes._base:update_title_pos
DEBUG:matplotlib.axes._base:update_title_pos
DEBUG:matplotlib.axes._base:update_title_pos
DEBUG:matplotlib.axes._base:update_title_pos
DEBUG:matplotlib.axes._base:update_title_pos
DEBUG:matplotlib.axes._base:update_title_pos
DEBUG:matplotlib.axes._base:update_title_pos
DEBUG:matplotlib.axes._base:update_title_pos
DEBUG:matplotlib.axes._base:update_title_pos
DEBUG:matplotlib.axes._base:update_title_pos
DEBUG:matplotlib.axes._base:update_title_pos
DEBUG:matplotlib.axes._base:update_title_pos
DEBUG:matplotlib.axes._base:update_title_pos
DEBUG:matplotlib.axes._base:update_title_pos
DEBUG:matplotlib.axes._base:update_title_pos
DEBUG:matplotlib.axes._base:update_title_pos
DEBUG:matplotlib.axes._base:update_title_pos
DEBUG:matplotlib.axes._base:update_title_pos
DEBUG:matplotlib.axes._base:update_title_pos
DEBUG:matplotlib.axes._base:update_title_pos
DEBUG:matplotlib.axes._base:update_title_pos
DEBUG:matplotlib.axes._base:update_title_pos
DEBUG:matplotlib.axes._base:update_title_pos
DEBUG:matplotlib.axes._base:update_title_pos
DEBUG:matplotlib.axes._base:update_title_pos
DEBUG:matplotlib.axes._base:update_title_pos
DEBUG:matplotlib.axes._base:update_title_pos
DEBUG:matplotlib.axes._base:update_title_pos
DEBUG:matplotlib.axes._base:update_title_pos
DEBUG:matplotlib.axes._base:update_title_pos
DEBUG:matplotlib.axes._base:update_title_pos
DEBUG:matplotlib.axes._base:update_title_pos
DEBUG:matplotlib.axes._base:update_title_pos
DEBUG:matplotlib.axes._base:update_title_pos
DEBUG:matplotlib.axes._base:update_title_pos
DEBUG:matplotlib.axes._base:update_title_pos
DEBUG:matplotlib.axes._base:update_title_pos
DEBUG:matplotlib.axes._base:update_title_pos
DEBUG:matplotlib.axes._base:update_title_pos
DEBUG:matplotlib.axes._base:update_title_pos
DEBUG:matplotlib.axes._base:update_title_pos
DEBUG:matplotlib.axes._base:update_title_pos
DEBUG:matplotlib.axes._base:update_title_pos
DEBUG:matplotlib.axes._base:update_title_pos
DEBUG:matplotlib.axes._base:update_title_pos
DEBUG:matplotlib.axes._base:update_title_pos
DEBUG:matplotlib.axes._base:update_title_pos
DEBUG:matplotlib.axes._base:update_title_pos
DEBUG:matplotlib.axes._base:update_title_pos
DEBUG:matplotlib.axes._base:update_title_pos
DEBUG:matplotlib.axes._base:update_title_pos
DEBUG:matplotlib.axes._base:update_title_pos
DEBUG:matplotlib.axes._base:update_title_pos
DEBUG:matplotlib.axes._base:update_title_pos
DEBUG:matplotlib.axes._base:update_title_pos
DEBUG:matplotlib.axes._base:update_title_pos
DEBUG:matplotlib.axes._base:update_title_pos
DEBUG:matplotlib.axes._base:update_title_pos
DEBUG:matplotlib.axes._base:update_title_pos
DEBUG:matplotlib.axes._base:update_title_pos
DEBUG:matplotlib.axes._base:update_title_pos
DEBUG:matplotlib.axes._base:update_title_pos
DEBUG:matplotlib.axes._base:update_title_pos
DEBUG:matplotlib.axes._base:update_title_pos
DEBUG:matplotlib.axes._base:update_title_pos
DEBUG:matplotlib.axes._base:update_title_pos
DEBUG:matplotlib.axes._base:update_title_pos
DEBUG:matplotlib.axes._base:update_title_pos
DEBUG:matplotlib.axes._base:update_title_pos
DEBUG:matplotlib.axes._base:update_title_pos
DEBUG:matplotlib.axes._base:update_title_pos
DEBUG:matplotlib.axes._base:update_title_pos
DEBUG:matplotlib.axes._base:update_title_pos
DEBUG:matplotlib.axes._base:update_title_pos
DEBUG:matplotlib.axes._base:update_title_pos
DEBUG:matplotlib.axes._base:update_title_pos
DEBUG:matplotlib.axes._base:update_title_pos
DEBUG:matplotlib.axes._base:update_title_pos
DEBUG:matplotlib.axes._base:update_title_pos
DEBUG:matplotlib.axes._base:update_title_pos
DEBUG:matplotlib.axes._base:update_title_pos
DEBUG:matplotlib.axes._base:update_title_pos
DEBUG:matplotlib.axes._base:update_title_pos
DEBUG:matplotlib.axes._base:update_title_pos
DEBUG:matplotlib.axes._base:update_title_pos
DEBUG:matplotlib.axes._base:update_title_pos
DEBUG:matplotlib.axes._base:update_title_pos
DEBUG:matplotlib.axes._base:update_title_pos
DEBUG:matplotlib.axes._base:update_title_pos
DEBUG:matplotlib.axes._base:update_title_pos
DEBUG:matplotlib.axes._base:update_title_pos
DEBUG:matplotlib.axes._base:update_title_pos
DEBUG:matplotlib.axes._base:update_title_pos
DEBUG:matplotlib.axes._base:update_title_pos
DEBUG:matplotlib.axes._base:update_title_pos
DEBUG:matplotlib.axes._base:update_title_pos
DEBUG:matplotlib.axes._base:update_title_pos
DEBUG:matplotlib.axes._base:update_title_pos
DEBUG:matplotlib.axes._base:update_title_pos
DEBUG:matplotlib.axes._base:update_title_pos
DEBUG:matplotlib.axes._base:update_title_pos
DEBUG:matplotlib.axes._base:update_title_pos
DEBUG:matplotlib.axes._base:update_title_pos
DEBUG:matplotlib.axes._base:update_title_pos
DEBUG:matplotlib.axes._base:update_title_pos
DEBUG:matplotlib.axes._base:update_title_pos
DEBUG:matplotlib.axes._base:update_title_pos
DEBUG:matplotlib.axes._base:update_title_pos
DEBUG:matplotlib.axes._base:update_title_pos
DEBUG:matplotlib.axes._base:update_title_pos
DEBUG:matplotlib.axes._base:update_title_pos
DEBUG:matplotlib.axes._base:update_title_pos
DEBUG:matplotlib.axes._base:update_title_pos
DEBUG:matplotlib.axes._base:update_title_pos
DEBUG:matplotlib.axes._base:update_title_pos
DEBUG:matplotlib.axes._base:update_title_pos
DEBUG:matplotlib.axes._base:update_title_pos
DEBUG:matplotlib.axes._base:update_title_pos
DEBUG:matplotlib.axes._base:update_title_pos
DEBUG:matplotlib.axes._base:update_title_pos
DEBUG:matplotlib.axes._base:update_title_pos
DEBUG:matplotlib.axes._base:update_title_pos
DEBUG:matplotlib.axes._base:update_title_pos
DEBUG:matplotlib.axes._base:update_title_pos
DEBUG:matplotlib.axes._base:update_title_pos
DEBUG:matplotlib.axes._base:update_title_pos
DEBUG:matplotlib.axes._base:update_title_pos
DEBUG:matplotlib.axes._base:update_title_pos
DEBUG:matplotlib.axes._base:update_title_pos
DEBUG:matplotlib.axes._base:update_title_pos
DEBUG:matplotlib.axes._base:update_title_pos
DEBUG:matplotlib.axes._base:update_title_pos
DEBUG:matplotlib.axes._base:update_title_pos
DEBUG:matplotlib.axes._base:update_title_pos
DEBUG:matplotlib.axes._base:update_title_pos
DEBUG:matplotlib.axes._base:update_title_pos
DEBUG:matplotlib.axes._base:update_title_pos
DEBUG:matplotlib.axes._base:update_title_pos
DEBUG:matplotlib.axes._base:update_title_pos
